<?xml version="1.0" encoding="UTF-8"?>
<testng-results ignored="12" total="14" passed="2" failed="0" skipped="0">
  <reporter-output>
  </reporter-output>
  <suite started-at="2020-12-27T16:25:47 CST" name="testngFirefox" finished-at="2020-12-27T16:26:25 CST" duration-ms="38165">
    <groups>
    </groups>
    <test started-at="2020-12-27T16:25:47 CST" name="test1" finished-at="2020-12-27T16:26:25 CST" duration-ms="38165">
      <class name="tests.HomePageTests">
        <test-method is-config="true" signature="startUp(java.lang.String)[pri:0, instance:tests.HomePageTests@4196c360]" started-at="2020-12-27T16:25:47 CST" name="startUp" finished-at="2020-12-27T16:25:53 CST" duration-ms="5206" status="PASS">
          <params>
            <param index="0">
              <value>
                <![CDATA[FIREFOX]]>
              </value>
            </param>
          </params>
          <reporter-output>
          </reporter-output>
        </test-method> <!-- startUp -->
        <test-method is-config="true" signature="closePopup()[pri:0, instance:tests.HomePageTests@4196c360]" started-at="2020-12-27T16:25:53 CST" name="closePopup" finished-at="2020-12-27T16:25:58 CST" duration-ms="5472" status="PASS">
          <reporter-output>
          </reporter-output>
        </test-method> <!-- closePopup -->
        <test-method signature="HomePage_SearchBarForBiggerScreen_ProvidesSuggestion_C140()[pri:0, instance:tests.HomePageTests@4196c360]" started-at="2020-12-27T16:25:58 CST" name="HomePage_SearchBarForBiggerScreen_ProvidesSuggestion_C140" finished-at="2020-12-27T16:26:03 CST" duration-ms="5002" status="PASS">
          <reporter-output>
          </reporter-output>
        </test-method> <!-- HomePage_SearchBarForBiggerScreen_ProvidesSuggestion_C140 -->
        <test-method is-config="true" signature="tearDown()[pri:0, instance:tests.HomePageTests@4196c360]" started-at="2020-12-27T16:26:03 CST" name="tearDown" finished-at="2020-12-27T16:26:07 CST" duration-ms="3541" status="PASS">
          <reporter-output>
          </reporter-output>
        </test-method> <!-- tearDown -->
        <test-method is-config="true" signature="startUp(java.lang.String)[pri:0, instance:tests.HomePageTests@4196c360]" started-at="2020-12-27T16:26:07 CST" name="startUp" finished-at="2020-12-27T16:26:11 CST" duration-ms="4692" status="PASS">
          <params>
            <param index="0">
              <value>
                <![CDATA[FIREFOX]]>
              </value>
            </param>
          </params>
          <reporter-output>
          </reporter-output>
        </test-method> <!-- startUp -->
        <test-method is-config="true" signature="closePopup()[pri:0, instance:tests.HomePageTests@4196c360]" started-at="2020-12-27T16:26:11 CST" name="closePopup" finished-at="2020-12-27T16:26:16 CST" duration-ms="4855" status="PASS">
          <reporter-output>
          </reporter-output>
        </test-method> <!-- closePopup -->
        <test-method signature="HomePage_SearchBarForSmallerScreen_ProvidesSuggestion_C140()[pri:0, instance:tests.HomePageTests@4196c360]" started-at="2020-12-27T16:26:16 CST" name="HomePage_SearchBarForSmallerScreen_ProvidesSuggestion_C140" finished-at="2020-12-27T16:26:22 CST" duration-ms="5744" status="PASS">
          <reporter-output>
          </reporter-output>
        </test-method> <!-- HomePage_SearchBarForSmallerScreen_ProvidesSuggestion_C140 -->
        <test-method is-config="true" signature="tearDown()[pri:0, instance:tests.HomePageTests@4196c360]" started-at="2020-12-27T16:26:22 CST" name="tearDown" finished-at="2020-12-27T16:26:25 CST" duration-ms="3618" status="PASS">
          <reporter-output>
          </reporter-output>
        </test-method> <!-- tearDown -->
      </class> <!-- tests.HomePageTests -->
    </test> <!-- test1 -->
  </suite> <!-- testngFirefox -->
</testng-results>
