<?xml version="1.0" encoding="UTF-8"?>
<!-- Generated by org.testng.reporters.JUnitReportReporter -->
<testsuite hostname="SB-0888-LT" failures="0" tests="2" name="tests.HomePageTests" time="26.406" errors="0" timestamp="2021-06-09T14:43:36 CDT" skipped="0">
  <testcase classname="tests.HomePageTests" name="HomePage_SearchBarForSmallerScreen_ProvidesSuggestion_C140" time="13.126"/>
  <system-out/>
  <testcase classname="tests.HomePageTests" name="HomePage_SearchBarForBiggerScreen_ProvidesSuggestion_C140" time="13.280"/>
  <system-out/>
</testsuite> <!-- tests.HomePageTests -->
