<?xml version="1.0" encoding="UTF-8"?>
<testsuite xmlns:xsi="http://www.w3.org/2001/XMLSchema-instance" xsi:noNamespaceSchemaLocation="https://maven.apache.org/surefire/maven-surefire-plugin/xsd/surefire-test-report-3.0.xsd" version="3.0" name="TestSuite" time="67.143" tests="5" errors="0" skipped="3" failures="1">
  <properties>
[...]
</properties>
  <testcase name="HomePage_SearchBarForBiggerScreen_ProvidesSuggestion_C140" classname="tests.HomePageTests" time="7.241"/>
  <testcase name="HomePage_SearchBarForSmallerScreen_ProvidesSuggestion_C140" classname="tests.HomePageTests" time="0">
    <skipped message="no such element: Unable to locate element: {&quot;method&quot;:&quot;css selector&quot;,&quot;selector&quot;:&quot;*[name=&apos;search_query&apos;]&quot;}&#10;  (Session info: chrome=87.0.4280.88)&#10;For documentation on this error, please visit: https://www.seleniumhq.org/exceptions/no_such_element.html&#10;Build info: version: &apos;3.141.59&apos;, revision: &apos;e82be7d358&apos;, time: &apos;2018-11-14T08:17:03&apos;&#10;System info: host: &apos;SB-0888-LT&apos;, ip: &apos;192.168.86.198&apos;, os.name: &apos;Windows 10&apos;, os.arch: &apos;amd64&apos;, os.version: &apos;10.0&apos;, java.version: &apos;15.0.1&apos;&#10;Driver info: org.openqa.selenium.chrome.ChromeDriver&#10;Capabilities {acceptInsecureCerts: false, browserName: chrome, browserVersion: 87.0.4280.88, chrome: {chromedriverVersion: 87.0.4280.20 (c99e81631faa0..., userDataDir: C:\Users\lyuba.b\AppData\Lo...}, goog:chromeOptions: {debuggerAddress: localhost:57703}, javascriptEnabled: true, networkConnectionEnabled: false, pageLoadStrategy: normal, platform: WINDOWS, platformName: WINDOWS, proxy: Proxy(), setWindowRect: true, strictFileInteractability: false, timeouts: {implicit: 0, pageLoad: 300000, script: 30000}, unhandledPromptBehavior: dismiss and notify, webauthn:virtualAuthenticators: true}&#10;Session ID: 7eb3a5bcb5b57cd03acf23da14626882&#10;*** Element info: {Using=name, value=search_query}"/>
    <system-err><![CDATA[Starting ChromeDriver 87.0.4280.20 (c99e81631faa0b2a448e658c0dbd8311fb04ddbd-refs/branch-heads/4280@{#355}) on port 29701
Only local connections are allowed.
Please see https://chromedriver.chromium.org/security-considerations for suggestions on keeping ChromeDriver safe.
ChromeDriver was started successfully.
Feb 02, 2021 3:15:53 PM org.openqa.selenium.remote.ProtocolHandshake createSession
INFO: Detected dialect: W3C
Feb 02, 2021 3:15:56 PM org.openqa.selenium.remote.DesiredCapabilities operaBlink
INFO: Using `new OperaOptions()` is preferred to `DesiredCapabilities.operaBlink()`
]]></system-err>
  </testcase>
  <testcase name="HomePage_SearchBarForSmallerScreen_ProvidesSuggestion_C140" classname="tests.HomePageTests" time="0">
    <skipped message="element click intercepted: Element &lt;input type=&quot;text&quot; aria-label=&quot;auto Complete Search&quot; autocomplete=&quot;off&quot; aria-autocomplete=&quot;list&quot; aria-controls=&quot;react-autowhatever-1&quot; placeholder=&quot;Search&quot; class=&quot;textInput-input-2jT&quot; name=&quot;search_query&quot; value=&quot;&quot;&gt; is not clickable at point (544, 26). Other element would receive the click: &lt;iframe referrerpolicy=&quot;origin&quot; id=&quot;attentive_creative&quot; title=&quot;Sign Up via Text for Offers&quot; src=&quot;https://shoebacca.attn.tv/creative?v=1.2.006&amp;amp;r=&amp;amp;w=1038&amp;amp;h=530&amp;amp;id=70111adcbfdd4a54990173fe38568bfc&amp;amp;l=https%3A%2F%2Fwww.shoebacca.com%2F&amp;amp;ss_ref=ORGANIC&amp;amp;t=n&amp;amp;pv=1&quot; style=&quot;width: 100%; height: 100%; position: fixed; bottom: 0px; opacity: 1; transition: opacity 500ms ease 0s; border: 0px; overflow: hidden; left: 0px;&quot;&gt;&lt;/iframe&gt;&#10;  (Session info: chrome=87.0.4280.88)&#10;Build info: version: &apos;3.141.59&apos;, revision: &apos;e82be7d358&apos;, time: &apos;2018-11-14T08:17:03&apos;&#10;System info: host: &apos;SB-0888-LT&apos;, ip: &apos;192.168.86.198&apos;, os.name: &apos;Windows 10&apos;, os.arch: &apos;amd64&apos;, os.version: &apos;10.0&apos;, java.version: &apos;15.0.1&apos;&#10;Driver info: org.openqa.selenium.chrome.ChromeDriver&#10;Capabilities {acceptInsecureCerts: false, browserName: chrome, browserVersion: 87.0.4280.88, chrome: {chromedriverVersion: 87.0.4280.20 (c99e81631faa0..., userDataDir: C:\Users\lyuba.b\AppData\Lo...}, goog:chromeOptions: {debuggerAddress: localhost:57876}, javascriptEnabled: true, networkConnectionEnabled: false, pageLoadStrategy: normal, platform: WINDOWS, platformName: WINDOWS, proxy: Proxy(), setWindowRect: true, strictFileInteractability: false, timeouts: {implicit: 0, pageLoad: 300000, script: 30000}, unhandledPromptBehavior: dismiss and notify, webauthn:virtualAuthenticators: true}&#10;Session ID: ef18aa0c555266985a76f92aa5371fac"/>
    <system-err><![CDATA[Starting ChromeDriver 87.0.4280.20 (c99e81631faa0b2a448e658c0dbd8311fb04ddbd-refs/branch-heads/4280@{#355}) on port 4443
Only local connections are allowed.
Please see https://chromedriver.chromium.org/security-considerations for suggestions on keeping ChromeDriver safe.
ChromeDriver was started successfully.
Feb 02, 2021 3:16:02 PM org.openqa.selenium.remote.ProtocolHandshake createSession
INFO: Detected dialect: W3C
Feb 02, 2021 3:16:09 PM org.openqa.selenium.remote.DesiredCapabilities operaBlink
INFO: Using `new OperaOptions()` is preferred to `DesiredCapabilities.operaBlink()`
]]></system-err>
  </testcase>
  <testcase name="HomePage_SearchBarForSmallerScreen_ProvidesSuggestion_C140" classname="tests.HomePageTests" time="0">
    <skipped message="no such element: Unable to locate element: {&quot;method&quot;:&quot;css selector&quot;,&quot;selector&quot;:&quot;*[name=&apos;search_query&apos;]&quot;}&#10;  (Session info: chrome=87.0.4280.88)&#10;For documentation on this error, please visit: https://www.seleniumhq.org/exceptions/no_such_element.html&#10;Build info: version: &apos;3.141.59&apos;, revision: &apos;e82be7d358&apos;, time: &apos;2018-11-14T08:17:03&apos;&#10;System info: host: &apos;SB-0888-LT&apos;, ip: &apos;192.168.86.198&apos;, os.name: &apos;Windows 10&apos;, os.arch: &apos;amd64&apos;, os.version: &apos;10.0&apos;, java.version: &apos;15.0.1&apos;&#10;Driver info: org.openqa.selenium.chrome.ChromeDriver&#10;Capabilities {acceptInsecureCerts: false, browserName: chrome, browserVersion: 87.0.4280.88, chrome: {chromedriverVersion: 87.0.4280.20 (c99e81631faa0..., userDataDir: C:\Users\lyuba.b\AppData\Lo...}, goog:chromeOptions: {debuggerAddress: localhost:58079}, javascriptEnabled: true, networkConnectionEnabled: false, pageLoadStrategy: normal, platform: WINDOWS, platformName: WINDOWS, proxy: Proxy(), setWindowRect: true, strictFileInteractability: false, timeouts: {implicit: 0, pageLoad: 300000, script: 30000}, unhandledPromptBehavior: dismiss and notify, webauthn:virtualAuthenticators: true}&#10;Session ID: 3721b202b81302cf26856dea580dcb14&#10;*** Element info: {Using=name, value=search_query}"/>
    <system-err><![CDATA[Starting ChromeDriver 87.0.4280.20 (c99e81631faa0b2a448e658c0dbd8311fb04ddbd-refs/branch-heads/4280@{#355}) on port 24460
Only local connections are allowed.
Please see https://chromedriver.chromium.org/security-considerations for suggestions on keeping ChromeDriver safe.
ChromeDriver was started successfully.
Feb 02, 2021 3:16:16 PM org.openqa.selenium.remote.ProtocolHandshake createSession
INFO: Detected dialect: W3C
Feb 02, 2021 3:16:25 PM org.openqa.selenium.remote.DesiredCapabilities operaBlink
INFO: Using `new OperaOptions()` is preferred to `DesiredCapabilities.operaBlink()`
]]></system-err>
  </testcase>
  <testcase name="HomePage_SearchBarForSmallerScreen_ProvidesSuggestion_C140" classname="tests.HomePageTests" time="2.36">
    <failure message="no such element: Unable to locate element: {&quot;method&quot;:&quot;css selector&quot;,&quot;selector&quot;:&quot;*[name=&apos;search_query&apos;]&quot;}&#10;  (Session info: chrome=87.0.4280.88)&#10;For documentation on this error, please visit: https://www.seleniumhq.org/exceptions/no_such_element.html&#10;Build info: version: &apos;3.141.59&apos;, revision: &apos;e82be7d358&apos;, time: &apos;2018-11-14T08:17:03&apos;&#10;System info: host: &apos;SB-0888-LT&apos;, ip: &apos;192.168.86.198&apos;, os.name: &apos;Windows 10&apos;, os.arch: &apos;amd64&apos;, os.version: &apos;10.0&apos;, java.version: &apos;15.0.1&apos;&#10;Driver info: org.openqa.selenium.chrome.ChromeDriver&#10;Capabilities {acceptInsecureCerts: false, browserName: chrome, browserVersion: 87.0.4280.88, chrome: {chromedriverVersion: 87.0.4280.20 (c99e81631faa0..., userDataDir: C:\Users\lyuba.b\AppData\Lo...}, goog:chromeOptions: {debuggerAddress: localhost:58287}, javascriptEnabled: true, networkConnectionEnabled: false, pageLoadStrategy: normal, platform: WINDOWS, platformName: WINDOWS, proxy: Proxy(), setWindowRect: true, strictFileInteractability: false, timeouts: {implicit: 0, pageLoad: 300000, script: 30000}, unhandledPromptBehavior: dismiss and notify, webauthn:virtualAuthenticators: true}&#10;Session ID: ec2dc5ae47378f35b6d776e371e44175&#10;*** Element info: {Using=name, value=search_query}" type="org.openqa.selenium.NoSuchElementException">org.openqa.selenium.NoSuchElementException: 
no such element: Unable to locate element: {"method":"css selector","selector":"*[name='search_query']"}
  (Session info: chrome=87.0.4280.88)
For documentation on this error, please visit: https://www.seleniumhq.org/exceptions/no_such_element.html
Build info: version: '3.141.59', revision: 'e82be7d358', time: '2018-11-14T08:17:03'
System info: host: 'SB-0888-LT', ip: '192.168.86.198', os.name: 'Windows 10', os.arch: 'amd64', os.version: '10.0', java.version: '15.0.1'
Driver info: org.openqa.selenium.chrome.ChromeDriver
Capabilities {acceptInsecureCerts: false, browserName: chrome, browserVersion: 87.0.4280.88, chrome: {chromedriverVersion: 87.0.4280.20 (c99e81631faa0..., userDataDir: C:\Users\lyuba.b\AppData\Lo...}, goog:chromeOptions: {debuggerAddress: localhost:58287}, javascriptEnabled: true, networkConnectionEnabled: false, pageLoadStrategy: normal, platform: WINDOWS, platformName: WINDOWS, proxy: Proxy(), setWindowRect: true, strictFileInteractability: false, timeouts: {implicit: 0, pageLoad: 300000, script: 30000}, unhandledPromptBehavior: dismiss and notify, webauthn:virtualAuthenticators: true}
Session ID: ec2dc5ae47378f35b6d776e371e44175
*** Element info: {Using=name, value=search_query}
	at tests.HomePageTests.HomePage_SearchBarForSmallerScreen_ProvidesSuggestion_C140(HomePageTests.java:39)
</failure>
    <system-err><![CDATA[Starting ChromeDriver 87.0.4280.20 (c99e81631faa0b2a448e658c0dbd8311fb04ddbd-refs/branch-heads/4280@{#355}) on port 48869
Only local connections are allowed.
Please see https://chromedriver.chromium.org/security-considerations for suggestions on keeping ChromeDriver safe.
ChromeDriver was started successfully.
Feb 02, 2021 3:16:31 PM org.openqa.selenium.remote.ProtocolHandshake createSession
INFO: Detected dialect: W3C
Feb 02, 2021 3:16:38 PM org.openqa.selenium.remote.DesiredCapabilities operaBlink
INFO: Using `new OperaOptions()` is preferred to `DesiredCapabilities.operaBlink()`
]]></system-err>
  </testcase>
</testsuite>