<?xml version="1.0" encoding="UTF-8"?>
<testsuite xmlns:xsi="http://www.w3.org/2001/XMLSchema-instance" xsi:noNamespaceSchemaLocation="https://maven.apache.org/surefire/maven-surefire-plugin/xsd/surefire-test-report-3.0.xsd" version="3.0" name="TestSuite" time="37.921" tests="2" errors="0" skipped="0" failures="0">
  <properties>
[...]
</properties>
  <testcase name="HomePage_SearchBarForBiggerScreen_ProvidesSuggestion_C140" classname="tests.HomePageTests" time="4.923"/>
  <testcase name="HomePage_SearchBarForSmallerScreen_ProvidesSuggestion_C140" classname="tests.HomePageTests" time="5.435"/>
</testsuite>