<?xml version="1.0" encoding="UTF-8"?>
<!-- Generated by org.testng.reporters.JUnitReportReporter -->
<testsuite hostname="SB-0888-LT" failures="0" tests="2" name="tests.HomePageTests" time="37.227" errors="0" timestamp="2020-12-27T16:25:27 CST" skipped="0">
  <testcase classname="tests.HomePageTests" name="HomePage_SearchBarForBiggerScreen_ProvidesSuggestion_C140" time="18.641"/>
  <system-out/>
  <testcase classname="tests.HomePageTests" name="HomePage_SearchBarForSmallerScreen_ProvidesSuggestion_C140" time="18.586"/>
  <system-out/>
</testsuite> <!-- tests.HomePageTests -->
