<?xml version="1.0" encoding="UTF-8"?>
<!-- Generated by org.testng.reporters.JUnitXMLReporter -->
<testsuite ignored="12" hostname="SB-0888-LT" failures="1" tests="5" name="test1" time="66.259" errors="0" timestamp="2021-02-02T15:16:41 CST">
  <testcase classname="tests.HomePageTests" name="HomePage_SearchBarForBiggerScreen_ProvidesSuggestion_C140" time="7.25"/>
  <testcase classname="tests.HomePageTests" name="HomePage_SearchBarForSmallerScreen_ProvidesSuggestion_C140" time="2.446">
    <skipped/>
  </testcase> <!-- HomePage_SearchBarForSmallerScreen_ProvidesSuggestion_C140 -->
  <testcase classname="tests.HomePageTests" name="HomePage_SearchBarForSmallerScreen_ProvidesSuggestion_C140" time="3.546">
    <skipped/>
  </testcase> <!-- HomePage_SearchBarForSmallerScreen_ProvidesSuggestion_C140 -->
  <testcase classname="tests.HomePageTests" name="HomePage_SearchBarForSmallerScreen_ProvidesSuggestion_C140" time="2.332">
    <skipped/>
  </testcase> <!-- HomePage_SearchBarForSmallerScreen_ProvidesSuggestion_C140 -->
  <testcase classname="tests.HomePageTests" name="HomePage_SearchBarForSmallerScreen_ProvidesSuggestion_C140" time="2.351">
    <failure type="org.openqa.selenium.NoSuchElementException" message="no such element: Unable to locate element: {&amp;quot;method&amp;quot;:&amp;quot;css selector&amp;quot;,&amp;quot;selector&amp;quot;:&amp;quot;*[name=&amp;apos;search_query&amp;apos;]&amp;quot;}
  (Session info: chrome=87.0.4280.88)
For documentation on this error, please visit: https://www.seleniumhq.org/exceptions/no_such_element.html
Build info: version: &amp;apos;3.141.59&amp;apos;, revision: &amp;apos;e82be7d358&amp;apos;, time: &amp;apos;2018-11-14T08:17:03&amp;apos;
System info: host: &amp;apos;SB-0888-LT&amp;apos;, ip: &amp;apos;192.168.86.198&amp;apos;, os.name: &amp;apos;Windows 10&amp;apos;, os.arch: &amp;apos;amd64&amp;apos;, os.version: &amp;apos;10.0&amp;apos;, java.version: &amp;apos;15.0.1&amp;apos;
Driver info: org.openqa.selenium.chrome.ChromeDriver
Capabilities {acceptInsecureCerts: false, browserName: chrome, browserVersion: 87.0.4280.88, chrome: {chromedriverVersion: 87.0.4280.20 (c99e81631faa0..., userDataDir: C:\Users\lyuba.b\AppData\Lo...}, goog:chromeOptions: {debuggerAddress: localhost:58287}, javascriptEnabled: true, networkConnectionEnabled: false, pageLoadStrategy: normal, platform: WINDOWS, platformName: WINDOWS, proxy: Proxy(), setWindowRect: true, strictFileInteractability: false, timeouts: {implicit: 0, pageLoad: 300000, script: 30000}, unhandledPromptBehavior: dismiss and notify, webauthn:virtualAuthenticators: true}
Session ID: ec2dc5ae47378f35b6d776e371e44175
*** Element info: {Using=name, value=search_query}">
      <![CDATA[org.openqa.selenium.NoSuchElementException: no such element: Unable to locate element: {"method":"css selector","selector":"*[name='search_query']"}
  (Session info: chrome=87.0.4280.88)
For documentation on this error, please visit: https://www.seleniumhq.org/exceptions/no_such_element.html
Build info: version: '3.141.59', revision: 'e82be7d358', time: '2018-11-14T08:17:03'
System info: host: 'SB-0888-LT', ip: '192.168.86.198', os.name: 'Windows 10', os.arch: 'amd64', os.version: '10.0', java.version: '15.0.1'
Driver info: org.openqa.selenium.chrome.ChromeDriver
Capabilities {acceptInsecureCerts: false, browserName: chrome, browserVersion: 87.0.4280.88, chrome: {chromedriverVersion: 87.0.4280.20 (c99e81631faa0..., userDataDir: C:\Users\lyuba.b\AppData\Lo...}, goog:chromeOptions: {debuggerAddress: localhost:58287}, javascriptEnabled: true, networkConnectionEnabled: false, pageLoadStrategy: normal, platform: WINDOWS, platformName: WINDOWS, proxy: Proxy(), setWindowRect: true, strictFileInteractability: false, timeouts: {implicit: 0, pageLoad: 300000, script: 30000}, unhandledPromptBehavior: dismiss and notify, webauthn:virtualAuthenticators: true}
Session ID: ec2dc5ae47378f35b6d776e371e44175
*** Element info: {Using=name, value=search_query}
at org.openqa.selenium.remote.http.W3CHttpResponseCodec.createException(W3CHttpResponseCodec.java:187)
at org.openqa.selenium.remote.http.W3CHttpResponseCodec.decode(W3CHttpResponseCodec.java:122)
at org.openqa.selenium.remote.http.W3CHttpResponseCodec.decode(W3CHttpResponseCodec.java:49)
at org.openqa.selenium.remote.HttpCommandExecutor.execute(HttpCommandExecutor.java:158)
at org.openqa.selenium.remote.service.DriverCommandExecutor.execute(DriverCommandExecutor.java:83)
at org.openqa.selenium.remote.RemoteWebDriver.execute(RemoteWebDriver.java:552)
at org.openqa.selenium.remote.RemoteWebDriver.findElement(RemoteWebDriver.java:323)
at org.openqa.selenium.remote.RemoteWebDriver.findElementByName(RemoteWebDriver.java:404)
at org.openqa.selenium.By$ByName.findElement(By.java:284)
at org.openqa.selenium.remote.RemoteWebDriver.findElement(RemoteWebDriver.java:315)
at pages.HomePage.getSearchBar(HomePage.java:31)
at pages.HomePage.useSearchQueryForSmallerScreen1(HomePage.java:99)
at tests.HomePageTests.HomePage_SearchBarForSmallerScreen_ProvidesSuggestion_C140(HomePageTests.java:39)
at java.base/java.util.ArrayList.forEach(ArrayList.java:1511)
... Removed 36 stack frames]]>
    </failure>
  </testcase> <!-- HomePage_SearchBarForSmallerScreen_ProvidesSuggestion_C140 -->
  <testcase classname="tests.HomePageTests" name="HomePage_SearchBarForSmallerScreen_ProvidesNewSuggestions_C140" time="0.0">
    <ignored/>
  </testcase> <!-- HomePage_SearchBarForSmallerScreen_ProvidesNewSuggestions_C140 -->
  <testcase classname="tests.PopupMessageTests" name="HomePage_EmailPopupAppears_EmailPopupClosed3_C139" time="0.0">
    <ignored/>
  </testcase> <!-- HomePage_EmailPopupAppears_EmailPopupClosed3_C139 -->
  <testcase classname="tests.HomePageTests" name="HomePage_SearchBarForSmallerScreen_gotSearchResult1_C140" time="0.0">
    <ignored/>
  </testcase> <!-- HomePage_SearchBarForSmallerScreen_gotSearchResult1_C140 -->
  <testcase classname="tests.PopupMessageTests" name="HomePage_EmailPopupAppears_EmailPopupClosed1_C138" time="0.0">
    <ignored/>
  </testcase> <!-- HomePage_EmailPopupAppears_EmailPopupClosed1_C138 -->
  <testcase classname="tests.PopupMessageTests" name="HomePage_EmailPopupAppears_EmailPopupClosed2_C138" time="0.0">
    <ignored/>
  </testcase> <!-- HomePage_EmailPopupAppears_EmailPopupClosed2_C138 -->
  <testcase classname="tests.HomePageTests" name="HomePage_SearchBarForBiggerScreen_gotSearchResult2_C140" time="0.0">
    <ignored/>
  </testcase> <!-- HomePage_SearchBarForBiggerScreen_gotSearchResult2_C140 -->
  <testcase classname="tests.HomePageTests" name="HomePage_SearchBarForSmallerScreen_gotSearchResult2_C140" time="0.0">
    <ignored/>
  </testcase> <!-- HomePage_SearchBarForSmallerScreen_gotSearchResult2_C140 -->
  <testcase classname="tests.PopupMessageTests" name="HomePage_EmailPopupAppears_C138" time="0.0">
    <ignored/>
  </testcase> <!-- HomePage_EmailPopupAppears_C138 -->
  <testcase classname="tests.HomePageTests" name="HomePage_SearchBarForBiggerScreen_gotSearchResult1_C140" time="0.0">
    <ignored/>
  </testcase> <!-- HomePage_SearchBarForBiggerScreen_gotSearchResult1_C140 -->
  <testcase classname="tests.HomePageTests" name="HomePage_SearchBarForSmallerScreen_DeleteOneLetter_C140" time="0.0">
    <ignored/>
  </testcase> <!-- HomePage_SearchBarForSmallerScreen_DeleteOneLetter_C140 -->
  <testcase classname="tests.HomePageTests" name="HomePage_SearchBarForBiggerScreen_ProvidesNewSuggestions_C140" time="0.0">
    <ignored/>
  </testcase> <!-- HomePage_SearchBarForBiggerScreen_ProvidesNewSuggestions_C140 -->
  <testcase classname="tests.HomePageTests" name="HomePage_SearchBarForBiggerScreen_DeleteOneLetter_C140" time="0.0">
    <ignored/>
  </testcase> <!-- HomePage_SearchBarForBiggerScreen_DeleteOneLetter_C140 -->
</testsuite> <!-- test1 -->
