<?xml version="1.0" encoding="UTF-8"?>
<!-- Generated by org.testng.reporters.JUnitXMLReporter -->
<testsuite ignored="12" hostname="SB-0888-LT" failures="0" tests="6" name="test1" time="77.058" errors="0" timestamp="2020-12-24T17:08:09 CST">
  <testcase classname="tests.HomePageTests" name="HomePage_SearchBarForBiggerScreen_ProvidesSuggestion_C140" time="2.35">
    <skipped/>
  </testcase> <!-- HomePage_SearchBarForBiggerScreen_ProvidesSuggestion_C140 -->
  <testcase classname="tests.HomePageTests" name="HomePage_SearchBarForBiggerScreen_ProvidesSuggestion_C140" time="2.567">
    <skipped/>
  </testcase> <!-- HomePage_SearchBarForBiggerScreen_ProvidesSuggestion_C140 -->
  <testcase classname="tests.HomePageTests" name="HomePage_SearchBarForBiggerScreen_ProvidesSuggestion_C140" time="6.672"/>
  <testcase classname="tests.HomePageTests" name="HomePage_SearchBarForSmallerScreen_ProvidesSuggestion_C140" time="2.263">
    <skipped/>
  </testcase> <!-- HomePage_SearchBarForSmallerScreen_ProvidesSuggestion_C140 -->
  <testcase classname="tests.HomePageTests" name="HomePage_SearchBarForSmallerScreen_ProvidesSuggestion_C140" time="2.399">
    <skipped/>
  </testcase> <!-- HomePage_SearchBarForSmallerScreen_ProvidesSuggestion_C140 -->
  <testcase classname="tests.HomePageTests" name="HomePage_SearchBarForSmallerScreen_ProvidesSuggestion_C140" time="6.712"/>
  <testcase classname="tests.HomePageTests" name="HomePage_SearchBarForSmallerScreen_ProvidesNewSuggestions_C140" time="0.0">
    <ignored/>
  </testcase> <!-- HomePage_SearchBarForSmallerScreen_ProvidesNewSuggestions_C140 -->
  <testcase classname="tests.PopupMessageTests" name="HomePage_EmailPopupAppears_EmailPopupClosed3_C139" time="0.0">
    <ignored/>
  </testcase> <!-- HomePage_EmailPopupAppears_EmailPopupClosed3_C139 -->
  <testcase classname="tests.HomePageTests" name="HomePage_SearchBarForSmallerScreen_gotSearchResult1_C140" time="0.0">
    <ignored/>
  </testcase> <!-- HomePage_SearchBarForSmallerScreen_gotSearchResult1_C140 -->
  <testcase classname="tests.PopupMessageTests" name="HomePage_EmailPopupAppears_EmailPopupClosed1_C138" time="0.0">
    <ignored/>
  </testcase> <!-- HomePage_EmailPopupAppears_EmailPopupClosed1_C138 -->
  <testcase classname="tests.PopupMessageTests" name="HomePage_EmailPopupAppears_EmailPopupClosed2_C138" time="0.0">
    <ignored/>
  </testcase> <!-- HomePage_EmailPopupAppears_EmailPopupClosed2_C138 -->
  <testcase classname="tests.HomePageTests" name="HomePage_SearchBarForBiggerScreen_gotSearchResult2_C140" time="0.0">
    <ignored/>
  </testcase> <!-- HomePage_SearchBarForBiggerScreen_gotSearchResult2_C140 -->
  <testcase classname="tests.HomePageTests" name="HomePage_SearchBarForSmallerScreen_gotSearchResult2_C140" time="0.0">
    <ignored/>
  </testcase> <!-- HomePage_SearchBarForSmallerScreen_gotSearchResult2_C140 -->
  <testcase classname="tests.PopupMessageTests" name="HomePage_EmailPopupAppears_C138" time="0.0">
    <ignored/>
  </testcase> <!-- HomePage_EmailPopupAppears_C138 -->
  <testcase classname="tests.HomePageTests" name="HomePage_SearchBarForBiggerScreen_gotSearchResult1_C140" time="0.0">
    <ignored/>
  </testcase> <!-- HomePage_SearchBarForBiggerScreen_gotSearchResult1_C140 -->
  <testcase classname="tests.HomePageTests" name="HomePage_SearchBarForSmallerScreen_DeleteOneLetter_C140" time="0.0">
    <ignored/>
  </testcase> <!-- HomePage_SearchBarForSmallerScreen_DeleteOneLetter_C140 -->
  <testcase classname="tests.HomePageTests" name="HomePage_SearchBarForBiggerScreen_ProvidesNewSuggestions_C140" time="0.0">
    <ignored/>
  </testcase> <!-- HomePage_SearchBarForBiggerScreen_ProvidesNewSuggestions_C140 -->
  <testcase classname="tests.HomePageTests" name="HomePage_SearchBarForBiggerScreen_DeleteOneLetter_C140" time="0.0">
    <ignored/>
  </testcase> <!-- HomePage_SearchBarForBiggerScreen_DeleteOneLetter_C140 -->
</testsuite> <!-- test1 -->
