<?xml version="1.0" encoding="UTF-8"?>
<!-- Generated by org.testng.reporters.JUnitXMLReporter -->
<testsuite ignored="13" hostname="SB-0888-LT" failures="0" tests="2" name="test1" time="25.002" errors="0" timestamp="2021-06-16T14:03:01 CDT">
  <testcase classname="tests.SearchBarTests" name="@BeforeMethod closePopup" time="23.407">
    <failure type="org.openqa.selenium.TimeoutException" message="Expected condition failed: waiting for element to be clickable: By.xpath: //iframe[@id=&amp;apos;attentive_creative&amp;apos;] (tried for 20 second(s) with 500 milliseconds interval)">
      <![CDATA[org.openqa.selenium.TimeoutException: Expected condition failed: waiting for element to be clickable: By.xpath: //iframe[@id='attentive_creative'] (tried for 20 second(s) with 500 milliseconds interval)
at org.openqa.selenium.support.ui.WebDriverWait.timeoutException(WebDriverWait.java:95)
at org.openqa.selenium.support.ui.FluentWait.until(FluentWait.java:272)
at pages.HomePage.getIframeEmailPopup(HomePage.java:17)
at pages.HomePage.closeEmailPopup(HomePage.java:35)
at tests.SearchBarTests.closePopup(HomePageTests.java:18)
at java.base/java.util.ArrayList.forEach(ArrayList.java:1511)
at com.intellij.rt.testng.IDEARemoteTestNG.run(IDEARemoteTestNG.java:66)
at com.intellij.rt.testng.RemoteTestNGStarter.main(RemoteTestNGStarter.java:109)
Caused by: org.openqa.selenium.NoSuchElementException: no such element: Unable to locate element: {"method":"xpath","selector":"//iframe[@id='attentive_creative']"}
  (Session info: chrome=90.0.4430.93)
For documentation on this error, please visit: https://www.seleniumhq.org/exceptions/no_such_element.html
Build info: version: '3.141.59', revision: 'e82be7d358', time: '2018-11-14T08:17:03'
System info: host: 'SB-0888-LT', ip: '10.9.20.131', os.name: 'Windows 10', os.arch: 'amd64', os.version: '10.0', java.version: '15.0.1'
Driver info: org.openqa.selenium.chrome.ChromeDriver
Capabilities {acceptInsecureCerts: false, browserName: chrome, browserVersion: 90.0.4430.93, chrome: {chromedriverVersion: 90.0.4430.24 (4c6d850f087da..., userDataDir: C:\Users\lyuba.b\AppData\Lo...}, goog:chromeOptions: {debuggerAddress: localhost:54485}, javascriptEnabled: true, networkConnectionEnabled: false, pageLoadStrategy: normal, platform: WINDOWS, platformName: WINDOWS, proxy: Proxy(), setWindowRect: true, strictFileInteractability: false, timeouts: {implicit: 0, pageLoad: 300000, script: 30000}, unhandledPromptBehavior: dismiss and notify, webauthn:extension:largeBlob: true, webauthn:virtualAuthenticators: true}
Session ID: eca78b339e6b1c9a5c52255d2335fa9a
*** Element info: {Using=xpath, value=//iframe[@id='attentive_creative']}
at org.openqa.selenium.remote.http.W3CHttpResponseCodec.createException(W3CHttpResponseCodec.java:187)
at org.openqa.selenium.remote.http.W3CHttpResponseCodec.decode(W3CHttpResponseCodec.java:122)
at org.openqa.selenium.remote.http.W3CHttpResponseCodec.decode(W3CHttpResponseCodec.java:49)
at org.openqa.selenium.remote.HttpCommandExecutor.execute(HttpCommandExecutor.java:158)
at org.openqa.selenium.remote.service.DriverCommandExecutor.execute(DriverCommandExecutor.java:83)
at org.openqa.selenium.remote.RemoteWebDriver.execute(RemoteWebDriver.java:552)
at org.openqa.selenium.remote.RemoteWebDriver.findElement(RemoteWebDriver.java:323)
at org.openqa.selenium.remote.RemoteWebDriver.findElementByXPath(RemoteWebDriver.java:428)
at org.openqa.selenium.By$ByXPath.findElement(By.java:353)
at org.openqa.selenium.remote.RemoteWebDriver.findElement(RemoteWebDriver.java:315)
at org.openqa.selenium.support.ui.ExpectedConditions$7.apply(ExpectedConditions.java:205)
at org.openqa.selenium.support.ui.ExpectedConditions$7.apply(ExpectedConditions.java:201)
at org.openqa.selenium.support.ui.ExpectedConditions$22.apply(ExpectedConditions.java:641)
at org.openqa.selenium.support.ui.ExpectedConditions$22.apply(ExpectedConditions.java:638)
at org.openqa.selenium.support.ui.FluentWait.until(FluentWait.java:249)
... 34 more
... Removed 32 stack frames]]>
    </failure>
  </testcase> <!-- @BeforeMethod closePopup -->
  <testcase classname="tests.BaseTest" name="@AfterMethod tearDown" time="-1.623870181825E9">
    <skipped/>
  </testcase> <!-- @AfterMethod tearDown -->
  <testcase classname="tests.BaseTest" name="@BeforeMethod startUp" time="-1.623870181826E9">
    <skipped/>
  </testcase> <!-- @BeforeMethod startUp -->
  <testcase classname="tests.SearchBarTests" name="@BeforeMethod closePopup" time="-1.623870181826E9">
    <skipped/>
  </testcase> <!-- @BeforeMethod closePopup -->
  <testcase classname="tests.BaseTest" name="@AfterMethod tearDown" time="-1.623870181827E9">
    <skipped/>
  </testcase> <!-- @AfterMethod tearDown -->
  <testcase classname="tests.SearchBarTests" name="HomePage_SearchBarForBiggerScreen_ProvidesSuggestion_C140" time="0.0">
    <skipped/>
  </testcase> <!-- HomePage_SearchBarForBiggerScreen_ProvidesSuggestion_C140 -->
  <testcase classname="tests.SearchBarTests" name="HomePage_SearchBarForSmallerScreen_ProvidesSuggestion_C140" time="0.0">
    <skipped/>
  </testcase> <!-- HomePage_SearchBarForSmallerScreen_ProvidesSuggestion_C140 -->
  <testcase classname="tests.SearchBarTests" name="HomePage_SearchBarForSmallerScreen_ProvidesNewSuggestions_C140" time="0.0">
    <ignored/>
  </testcase> <!-- HomePage_SearchBarForSmallerScreen_ProvidesNewSuggestions_C140 -->
  <testcase classname="tests.EmailPopupMessageTests" name="HomePage_EmailPopupAppears_EmailPopupClosed3_C139" time="0.0">
    <ignored/>
  </testcase> <!-- HomePage_EmailPopupAppears_EmailPopupClosed3_C139 -->
  <testcase classname="tests.SearchBarTests" name="HomePage_SearchBarForBiggerScreen_gotSearchResult2_C140" time="0.0">
    <ignored/>
  </testcase> <!-- HomePage_SearchBarForBiggerScreen_gotSearchResult2_C140 -->
  <testcase classname="tests.SearchBarTests" name="HomePage_SearchBarForSmallerScreen_gotSearchResult2_C140" time="0.0">
    <ignored/>
  </testcase> <!-- HomePage_SearchBarForSmallerScreen_gotSearchResult2_C140 -->
  <testcase classname="tests.SearchBarTests" name="HomePage_SearchBarForBiggerScreen_gotSearchResult1_C140" time="0.0">
    <ignored/>
  </testcase> <!-- HomePage_SearchBarForBiggerScreen_gotSearchResult1_C140 -->
  <testcase classname="tests.SearchBarTests" name="HomePage_SearchBarForBiggerScreen_DeleteOneLetter_C140" time="0.0">
    <ignored/>
  </testcase> <!-- HomePage_SearchBarForBiggerScreen_DeleteOneLetter_C140 -->
  <testcase classname="tests.SearchBarTests" name="HomePage_SearchBarForSmallerScreen_gotSearchResult1_C140" time="0.0">
    <ignored/>
  </testcase> <!-- HomePage_SearchBarForSmallerScreen_gotSearchResult1_C140 -->
  <testcase classname="tests.EmailPopupMessageTests" name="HomePage_EmailPopupAppears_EmailPopupClosed1_C138" time="0.0">
    <ignored/>
  </testcase> <!-- HomePage_EmailPopupAppears_EmailPopupClosed1_C138 -->
  <testcase classname="tests.EmailPopupMessageTests" name="HomePage_EmailPopupAppears_EmailPopupClosed2_C138" time="0.0">
    <ignored/>
  </testcase> <!-- HomePage_EmailPopupAppears_EmailPopupClosed2_C138 -->
  <testcase classname="tests.SearchBarTests" name="HomePage_Logo_C141" time="0.0">
    <ignored/>
  </testcase> <!-- HomePage_Logo_C141 -->
  <testcase classname="tests.EmailPopupMessageTests" name="HomePage_EmailPopupAppears_C138" time="0.0">
    <ignored/>
  </testcase> <!-- HomePage_EmailPopupAppears_C138 -->
  <testcase classname="tests.SearchBarTests" name="HomePage_SearchBarForSmallerScreen_DeleteOneLetter_C140" time="0.0">
    <ignored/>
  </testcase> <!-- HomePage_SearchBarForSmallerScreen_DeleteOneLetter_C140 -->
  <testcase classname="tests.SearchBarTests" name="HomePage_SearchBarForBiggerScreen_ProvidesNewSuggestions_C140" time="0.0">
    <ignored/>
  </testcase> <!-- HomePage_SearchBarForBiggerScreen_ProvidesNewSuggestions_C140 -->
</testsuite> <!-- test1 -->
