<?xml version="1.0" encoding="UTF-8"?>
<!-- Generated by org.testng.reporters.JUnitReportReporter -->
<testsuite hostname="SB-0888-LT" failures="0" tests="2" name="tests.HomePageTests" time="31.057" errors="0" timestamp="2020-12-23T18:48:12 CST" skipped="0">
  <testcase classname="tests.HomePageTests" name="HomePage_SearchBarForBiggerScreen_ProvidesSuggestion_C140" time="15.595"/>
  <system-out/>
  <testcase classname="tests.HomePageTests" name="HomePage_SearchBarForSmallerScreen_ProvidesSuggestion_C140" time="15.462"/>
  <system-out/>
</testsuite> <!-- tests.HomePageTests -->
